<?xml version="1.0" encoding="UTF-8"?>
<!-- Generated by org.testng.reporters.JUnitXMLReporter -->
<testsuite ignored="2" hostname="DESKTOP-BN3PUO8" failures="1" tests="4" name="Incident" time="17.71" errors="0" timestamp="2023-05-27T17:19:42 IST">
  <testcase classname="tests.rest.TC001_CreateIncident" name="createIncident" time="7.278"/>
  <testcase classname="tests.rest.TC004_UpdateIncident" name="UpdateIncident" time="3.417">
    <skipped/>
  </testcase> <!-- UpdateIncident -->
  <testcase classname="tests.rest.TC004_UpdateIncident" name="UpdateIncident" time="3.465">
    <skipped/>
  </testcase> <!-- UpdateIncident -->
  <testcase classname="tests.rest.TC004_UpdateIncident" name="UpdateIncident" time="3.425">
    <failure type="java.lang.RuntimeException">
      <![CDATA[java.lang.RuntimeException
at lib.utils.HTMLReporter.reportRequest(HTMLReporter.java:102)
at lib.rest.RESTAssuredBase.verifyResponseCode(RESTAssuredBase.java:189)
at tests.rest.TC004_UpdateIncident.UpdateIncident(TC004_UpdateIncident.java:29)
at java.base/java.util.ArrayList.forEach(ArrayList.java:1511)
... Removed 27 stack frames]]>
    </failure>
  </testcase> <!-- UpdateIncident -->
  <testcase classname="lib.rest.PreAndTest" name="@AfterSuite afterSuite" time="0.0">
    <ignored/>
  </testcase> <!-- @AfterSuite afterSuite -->
  <testcase classname="lib.rest.PreAndTest" name="@BeforeSuite beforeSuite" time="0.0">
    <ignored/>
  </testcase> <!-- @BeforeSuite beforeSuite -->
</testsuite> <!-- Incident -->
