<?xml version="1.0" encoding="UTF-8"?>
<testng-results skipped="0" failed="0" ignored="0" total="1" passed="1">
  <reporter-output>
  </reporter-output>
  <suite name="Default suite" duration-ms="9302" started-at="2023-06-22T16:46:55 IST" finished-at="2023-06-22T16:47:04 IST">
    <groups>
    </groups>
    <test name="Default test" duration-ms="9302" started-at="2023-06-22T16:46:55 IST" finished-at="2023-06-22T16:47:04 IST">
      <class name="com.framework.servicenow.tests.rest.TC001_CreateIncident">
        <test-method status="PASS" signature="beforeSuite()[pri:0, instance:com.framework.servicenow.tests.rest.TC001_CreateIncident@193f604a]" name="beforeSuite" is-config="true" duration-ms="833" started-at="2023-06-22T16:46:54 IST" finished-at="2023-06-22T16:46:55 IST">
          <reporter-output>
          </reporter-output>
        </test-method> <!-- beforeSuite -->
        <test-method status="PASS" signature="setValues()[pri:0, instance:com.framework.servicenow.tests.rest.TC001_CreateIncident@193f604a]" name="setValues" is-config="true" duration-ms="1" started-at="2023-06-22T16:46:55 IST" finished-at="2023-06-22T16:46:55 IST">
          <reporter-output>
          </reporter-output>
        </test-method> <!-- setValues -->
        <test-method status="PASS" signature="beforeClass()[pri:0, instance:com.framework.servicenow.tests.rest.TC001_CreateIncident@193f604a]" name="beforeClass" is-config="true" duration-ms="3" started-at="2023-06-22T16:46:55 IST" finished-at="2023-06-22T16:46:55 IST">
          <reporter-output>
          </reporter-output>
        </test-method> <!-- beforeClass -->
        <test-method status="PASS" signature="beforeMethod()[pri:0, instance:com.framework.servicenow.tests.rest.TC001_CreateIncident@193f604a]" name="beforeMethod" is-config="true" duration-ms="14" started-at="2023-06-22T16:46:55 IST" finished-at="2023-06-22T16:46:55 IST">
          <reporter-output>
          </reporter-output>
        </test-method> <!-- beforeMethod -->
        <test-method status="PASS" signature="createIncident(java.io.File)[pri:0, instance:com.framework.servicenow.tests.rest.TC001_CreateIncident@193f604a]" name="createIncident" duration-ms="9222" started-at="2023-06-22T16:46:55 IST" data-provider="fetchData" finished-at="2023-06-22T16:47:04 IST">
          <params>
            <param index="0">
              <value>
                <![CDATA[.\data\TC001.JSON]]>
              </value>
            </param>
          </params>
          <reporter-output>
          </reporter-output>
        </test-method> <!-- createIncident -->
        <test-method status="PASS" signature="afterSuite()[pri:0, instance:com.framework.servicenow.tests.rest.TC001_CreateIncident@193f604a]" name="afterSuite" is-config="true" duration-ms="779" started-at="2023-06-22T16:47:05 IST" finished-at="2023-06-22T16:47:05 IST">
          <reporter-output>
          </reporter-output>
        </test-method> <!-- afterSuite -->
      </class> <!-- com.framework.servicenow.tests.rest.TC001_CreateIncident -->
    </test> <!-- Default test -->
  </suite> <!-- Default suite -->
</testng-results>
